<?xml version="1.0" encoding="UTF-8"?>
<!-- Generated by org.testng.reporters.JUnitXMLReporter -->
<testsuite ignored="0" hostname="Satyajit" failures="2" tests="2" name="Default test" time="2.887" errors="0" timestamp="2025-08-26T11:05:18 IST">
  <testcase classname="io.cucumber.testng.AbstractTestNGCucumberTests" name="runScenario" time="0.127">
    <failure type="java.lang.NullPointerException" message="Cannot invoke &amp;quot;org.openqa.selenium.WebDriver.get(String)&amp;quot; because &amp;quot;this.driver&amp;quot; is null">
      <![CDATA[java.lang.NullPointerException: Cannot invoke "org.openqa.selenium.WebDriver.get(String)" because "this.driver" is null
at StepDefinitions.LabSession2_step.the_user_is_on_the_registration_page(LabSession2_step.java:17)
at ✽.the user is on the registration page(file:///C:/Users/HP/eclipse-workspace/BDD/src/test/resources/Features/Lab2.feature:8)
]]>
    </failure>
  </testcase> <!-- runScenario -->
  <testcase classname="io.cucumber.testng.AbstractTestNGCucumberTests" name="runScenario" time="0.039">
    <failure type="java.lang.NullPointerException" message="Cannot invoke &amp;quot;org.openqa.selenium.WebDriver.get(String)&amp;quot; because &amp;quot;this.driver&amp;quot; is null">
      <![CDATA[java.lang.NullPointerException: Cannot invoke "org.openqa.selenium.WebDriver.get(String)" because "this.driver" is null
at StepDefinitions.LabSession2_step.the_user_is_on_the_registration_page(LabSession2_step.java:17)
at ✽.the user is on the registration page(file:///C:/Users/HP/eclipse-workspace/BDD/src/test/resources/Features/Lab2.feature:8)
]]>
    </failure>
  </testcase> <!-- runScenario -->
</testsuite> <!-- Default test -->
